<?xml version="1.0" encoding="UTF-8"?>
<!-- Generated by org.testng.reporters.JUnitXMLReporter -->
<testsuite hostname="GORDITA" ignored="0" name="Test" tests="1" failures="1" timestamp="2020-06-20T04:31:08 CDT" time="47.833" errors="0">
  <testcase name="f" time="7.21" classname="com.tests.E2ETest">
    <failure type="java.lang.AssertionError" message="expected [true] but found [false]">
      <![CDATA[java.lang.AssertionError: expected [true] but found [false]
at com.tests.E2ETest.f(E2ETest.java:41)
at java.util.ArrayList.forEach(Unknown Source)
... Removed 31 stack frames]]>
    </failure>
  </testcase> <!-- f -->
</testsuite> <!-- Test -->
