<?xml version="1.0" encoding="UTF-8"?>
<testng-results skipped="0" failed="0" ignored="0" total="1" passed="1">
  <reporter-output>
  </reporter-output>
  <suite name="Suite" duration-ms="34715" started-at="2020-06-20T04:08:25 CDT" finished-at="2020-06-20T04:08:59 CDT">
    <groups>
    </groups>
    <test name="Test" duration-ms="34715" started-at="2020-06-20T04:08:25 CDT" finished-at="2020-06-20T04:08:59 CDT">
      <class name="com.tests.E2ETest">
        <test-method status="PASS" signature="setUp()[pri:0, instance:com.tests.E2ETest@614ddd49]" name="setUp" is-config="true" duration-ms="9644" started-at="2020-06-20T04:08:25 CDT" finished-at="2020-06-20T04:08:34 CDT">
          <reporter-output>
          </reporter-output>
        </test-method> <!-- setUp -->
        <test-method status="PASS" signature="f()[pri:0, instance:com.tests.E2ETest@614ddd49]" name="f" duration-ms="24640" started-at="2020-06-20T04:08:34 CDT" finished-at="2020-06-20T04:08:59 CDT">
          <reporter-output>
          </reporter-output>
        </test-method> <!-- f -->
        <test-method status="PASS" signature="afterMethod()[pri:0, instance:com.tests.E2ETest@614ddd49]" name="afterMethod" is-config="true" duration-ms="326" started-at="2020-06-20T04:08:59 CDT" finished-at="2020-06-20T04:08:59 CDT">
          <reporter-output>
          </reporter-output>
        </test-method> <!-- afterMethod -->
      </class> <!-- com.tests.E2ETest -->
    </test> <!-- Test -->
  </suite> <!-- Suite -->
</testng-results>
